Build started 08.12.2011 11:51:16.
     1>Project "F:\Univesity\5_семестр\РОД на ЭВМ\Labs\Lab_9\FileLocalClient\Project_Client\Project\Project.vcxproj" on node 2 (build target(s)).
     1>InitializeBuildStatus:
         Creating "Debug\Project.unsuccessfulbuild" because "AlwaysCreate" was specified.
       ClCompile:
         C:\Program Files (x86)\VC\bin\CL.exe /c /ZI /nologo /W3 /WX- /Od /Oy- /D WIN32 /D _DEBUG /D _CONSOLE /D _UNICODE /D UNICODE /Gm /EHsc /RTC1 /MDd /GS /fp:precise /Zc:wchar_t /Zc:forScope /Fo"Debug\\" /Fd"Debug\vc100.pdb" /Gd /TP /analyze- /errorReport:prompt Project.cpp
         Project.cpp
       ManifestResourceCompile:
         All outputs are up-to-date.
       Link:
         C:\Program Files (x86)\VC\bin\link.exe /ERRORREPORT:PROMPT /OUT:"F:\Univesity\5_семестр\РОД на ЭВМ\Labs\Lab_9\FileLocalClient\Project_Client\Debug\Project.exe" /INCREMENTAL /NOLOGO kernel32.lib user32.lib gdi32.lib winspool.lib comdlg32.lib advapi32.lib shell32.lib ole32.lib oleaut32.lib uuid.lib odbc32.lib odbccp32.lib /MANIFEST /ManifestFile:"Debug\Project.exe.intermediate.manifest" /MANIFESTUAC:"level='asInvoker' uiAccess='false'" /DEBUG /PDB:"F:\Univesity\5_семестр\РОД на ЭВМ\Labs\Lab_9\FileLocalClient\Project_Client\Debug\Project.pdb" /SUBSYSTEM:CONSOLE /TLBID:1 /DYNAMICBASE /NXCOMPAT /IMPLIB:"F:\Univesity\5_семестр\РОД на ЭВМ\Labs\Lab_9\FileLocalClient\Project_Client\Debug\Project.lib" /MACHINE:X86 Debug\Project.exe.embed.manifest.res
         Debug\Project.obj
         Debug\stdafx.obj
       Manifest:
         C:\Program Files (x86)\Microsoft SDKs\Windows\v7.0A\bin\mt.exe /nologo /verbose /out:"Debug\Project.exe.embed.manifest" /manifest Debug\Project.exe.intermediate.manifest
         All outputs are up-to-date.
       LinkEmbedManifest:
         All outputs are up-to-date.
         Project.vcxproj -> F:\Univesity\5_семестр\РОД на ЭВМ\Labs\Lab_9\FileLocalClient\Project_Client\Debug\Project.exe
       FinalizeBuildStatus:
         Deleting file "Debug\Project.unsuccessfulbuild".
         Touching "Debug\Project.lastbuildstate".
     1>Done Building Project "F:\Univesity\5_семестр\РОД на ЭВМ\Labs\Lab_9\FileLocalClient\Project_Client\Project\Project.vcxproj" (build target(s)).

Build succeeded.

Time Elapsed 00:00:02.48
